[11:43:00] [INFO] === Session start ===
[11:43:00] [INFO] Lan dau chay - khong co data
[11:47:24] [INFO] Luu data thanh cong
[11:47:24] [INFO] === Session end ===
[11:56:28] [INFO] === Session start ===
[11:56:28] [INFO] Lan dau chay - khong co data
[11:56:49] [INFO] Luu data thanh cong
[11:56:49] [INFO] === Session end ===
[11:56:55] [INFO] === Session start ===
[11:56:55] [INFO] Load data thanh cong
[11:59:44] [INFO] Luu data thanh cong
[11:59:44] [INFO] === Session end ===
[23:36:52] [INFO] === Session start ===
[23:36:52] [INFO] Lan dau chay - khong co data
[23:37:00] [WARN] Đăng nhập thất bại: 
[23:37:01] [INFO] Luu data thanh cong
[23:37:01] [INFO] === Session end ===
[23:37:07] [INFO] === Session start ===
[23:37:07] [INFO] Lan dau chay - khong co data
[23:37:18] [INFO] Luu data thanh cong
[23:37:18] [INFO] === Session end ===
[23:39:17] [INFO] === Session start ===
[23:40:35] [INFO] === Session start ===
[23:41:08] [INFO] === Session start ===
[23:41:09] [INFO] Lan dau chay - khong co data
[23:41:28] [INFO] Dăng nhập thành công: ngocchi
[23:41:42] [INFO] Luu data thanh cong
[23:41:42] [INFO] === Session end ===
[23:41:43] [INFO] === Session start ===
[23:41:43] [INFO] Lan dau chay - khong co data
[23:41:58] [WARN] Đăng nhập thất bại: ngocchi
[23:41:59] [INFO] Luu data thanh cong
[23:41:59] [INFO] === Session end ===
[23:42:40] [INFO] === Session start ===
[23:42:40] [INFO] Lan dau chay - khong co data
[23:42:52] [WARN] Đăng nhập thất bại: ngocchi
[23:43:04] [WARN] Đăng nhập thất bại: ngocchi
[23:43:05] [WARN] Đăng nhập thất bại: ngocchi
[23:43:11] [INFO] Dăng nhập thành công: ngocchi
[23:43:15] [INFO] Luu data thanh cong
[23:43:15] [INFO] === Session end ===
[23:44:20] [INFO] === Session start ===
[23:44:20] [INFO] Lan dau chay - khong co data
[23:44:39] [INFO] Luu data thanh cong
[23:44:39] [INFO] === Session end ===
[23:46:16] [INFO] === Session start ===
[23:46:16] [INFO] Lan dau chay - khong co data
[23:46:28] [WARN] Đăng nhập thất bại: ngocchi
[23:46:38] [WARN] Đăng nhập thất bại: ngocchi
[23:46:57] [WARN] Đăng nhập thất bại: ngocchi
[23:47:04] [WARN] Đăng nhập thất bại: ngocchi
[23:47:04] [WARN] Đăng nhập thất bại: ngocchi
[23:47:05] [WARN] Đăng nhập thất bại: ngocchi
[23:47:08] [INFO] Luu data thanh cong
[23:47:08] [INFO] === Session end ===
[23:47:10] [INFO] === Session start ===
[23:47:10] [INFO] Lan dau chay - khong co data
[23:47:19] [WARN] Đăng nhập thất bại: ngocchi
[23:47:34] [INFO] Luu data thanh cong
[23:47:34] [INFO] === Session end ===
[23:48:31] [INFO] === Session start ===
[23:48:31] [INFO] Lan dau chay - khong co data
[23:48:38] [INFO] Dăng nhập thành công: ngocchi
[23:49:48] [INFO] Luu data thanh cong
[23:49:48] [INFO] === Session end ===
[23:56:36] [INFO] === Session start ===
[23:56:37] [INFO] Lan dau chay - khong co data
[23:56:39] [INFO] Luu data thanh cong
[23:56:39] [INFO] === Session end ===
[23:57:06] [INFO] === Session start ===
[23:57:15] [INFO] Đăng nhập thành công: ngocchi
[23:57:25] [INFO] Luu data thanh cong
[23:57:25] [INFO] === Session end ===
[23:57:27] [INFO] === Session start ===
[23:57:42] [INFO] Đăng nhập thành công: ngocchi
[23:57:51] [INFO] Luu data thanh cong
[23:57:51] [INFO] === Session end ===
[07:00:50] [INFO] === Session start ===
[07:01:51] [INFO] Luu data thanh cong
[07:01:51] [INFO] === Session end ===
[07:02:02] [INFO] === Session start ===
[07:03:29] [INFO] Luu data thanh cong
[07:03:29] [INFO] === Session end ===
[07:03:48] [INFO] === Session start ===
[07:04:35] [INFO] Luu data thanh cong
[07:04:35] [INFO] === Session end ===
[07:04:43] [INFO] === Session start ===
[07:04:45] [INFO] Luu data thanh cong
[07:04:45] [INFO] === Session end ===
[07:05:50] [INFO] === Session start ===
[07:06:07] [INFO] Luu data thanh cong
[07:06:07] [INFO] === Session end ===
[07:06:21] [INFO] === Session start ===
[07:06:25] [INFO] Luu data thanh cong
[07:06:25] [INFO] === Session end ===
[07:09:27] [INFO] === Session start ===
[07:10:37] [INFO] Đăng nhập thành công: ngocchi
[07:11:35] [INFO] Luu data thanh cong
[07:11:35] [INFO] === Session end ===
[07:13:23] [INFO] === Session start ===
[07:19:17] [INFO] Luu data thanh cong
[07:19:17] [INFO] === Session end ===
[07:23:04] [INFO] === Session start ===
[07:23:13] [INFO] Đăng nhập thành công: ngocchi
[07:23:18] [INFO] Luu data thanh cong
[07:23:18] [INFO] === Session end ===
[07:24:25] [INFO] === Session start ===
[07:34:13] [INFO] Luu data thanh cong
[07:34:13] [INFO] === Session end ===
[07:34:23] [INFO] === Session start ===
[07:35:06] [INFO] Luu data thanh cong
[07:35:06] [INFO] === Session end ===
[07:35:17] [INFO] === Session start ===
[07:35:24] [INFO] Luu data thanh cong
[07:35:24] [INFO] === Session end ===
[07:35:32] [INFO] === Session start ===
[07:35:39] [INFO] Luu data thanh cong
[07:35:39] [INFO] === Session end ===
[07:35:47] [INFO] === Session start ===
[07:37:15] [INFO] Luu data thanh cong
[07:37:15] [INFO] === Session end ===
[07:37:22] [INFO] === Session start ===
[07:53:54] [INFO] Luu data thanh cong
[07:53:54] [INFO] === Session end ===
[07:54:02] [INFO] === Session start ===
[07:57:13] [INFO] Luu data thanh cong
[07:57:13] [INFO] === Session end ===
[07:59:37] [INFO] === Session start ===
[08:02:49] [INFO] Luu data thanh cong
[08:02:49] [INFO] === Session end ===
[08:02:59] [INFO] === Session start ===
[08:03:01] [WARN] Đăng nhập thất bại: 
[08:03:02] [INFO] Luu data thanh cong
[08:03:02] [INFO] === Session end ===
[08:04:53] [INFO] === Session start ===
[08:05:23] [INFO] Luu data thanh cong
[08:05:23] [INFO] === Session end ===
[08:05:25] [INFO] === Session start ===
[08:05:26] [INFO] Luu data thanh cong
[08:05:26] [INFO] === Session end ===
[08:05:27] [INFO] === Session start ===
[08:05:30] [INFO] Luu data thanh cong
[08:05:30] [INFO] === Session end ===
[08:05:32] [INFO] === Session start ===
[08:05:34] [INFO] Luu data thanh cong
[08:05:34] [INFO] === Session end ===
[08:07:31] [INFO] === Session start ===
[08:07:33] [INFO] Luu data thanh cong
[08:07:33] [INFO] === Session end ===
[08:15:05] [INFO] === Session start ===
[08:15:07] [WARN] Đăng nhập thất bại: 
[08:15:09] [INFO] Luu data thanh cong
[08:15:09] [INFO] === Session end ===
[08:15:26] [INFO] === Session start ===
[08:15:28] [WARN] Đăng nhập thất bại: 
[08:15:53] [INFO] Luu data thanh cong
[08:15:53] [INFO] === Session end ===
[08:16:01] [INFO] === Session start ===
[08:16:02] [WARN] Đăng nhập thất bại: 
[08:16:03] [WARN] Đăng nhập thất bại: 
[08:16:09] [WARN] Đăng nhập thất bại: 
[08:16:20] [INFO] Đăng nhập thành công: ngocchi
[08:16:25] [INFO] Luu data thanh cong
[08:16:25] [INFO] === Session end ===
[08:26:13] [INFO] === Session start ===
[08:26:15] [WARN] Đăng nhập thất bại: 
[08:26:24] [INFO] Luu data thanh cong
[08:26:24] [INFO] === Session end ===
[08:29:51] [INFO] === Session start ===
[08:29:54] [WARN] Đăng nhập thất bại: 
[08:30:09] [WARN] Đăng nhập thất bại: 
[08:30:10] [INFO] Luu data thanh cong
[08:30:10] [INFO] === Session end ===
[08:30:19] [INFO] === Session start ===
[08:30:20] [WARN] Đăng nhập thất bại: 
[08:30:28] [INFO] Luu data thanh cong
[08:30:28] [INFO] === Session end ===
[08:30:30] [INFO] === Session start ===
[08:30:32] [WARN] Đăng nhập thất bại: 
[08:30:42] [INFO] Luu data thanh cong
[08:30:42] [INFO] === Session end ===
[14:50:30] [INFO] === Session start ===
[14:50:33] [WARN] Đăng nhập thất bại: 
[14:50:48] [INFO] Luu data thanh cong
[14:50:48] [INFO] === Session end ===
[14:50:59] [INFO] === Session start ===
[14:51:24] [INFO] Luu data thanh cong
[14:51:24] [INFO] === Session end ===
[14:51:35] [INFO] === Session start ===
[14:51:37] [INFO] Luu data thanh cong
[14:51:37] [INFO] === Session end ===
[14:52:15] [INFO] === Session start ===
[14:54:58] [INFO] Luu data thanh cong
[14:54:58] [INFO] === Session end ===
[14:55:07] [INFO] === Session start ===
[14:55:16] [INFO] Luu data thanh cong
[14:55:16] [INFO] === Session end ===
[14:55:25] [INFO] === Session start ===
[14:56:05] [INFO] Luu data thanh cong
[14:56:05] [INFO] === Session end ===
[14:56:13] [INFO] === Session start ===
[14:56:38] [INFO] Luu data thanh cong
[14:56:38] [INFO] === Session end ===
[14:56:46] [INFO] === Session start ===
[14:56:53] [INFO] Luu data thanh cong
[14:56:53] [INFO] === Session end ===
[14:57:55] [INFO] === Session start ===
[14:58:04] [INFO] Luu data thanh cong
[14:58:04] [INFO] === Session end ===
[14:59:18] [INFO] === Session start ===
[14:59:41] [INFO] Luu data thanh cong
[14:59:41] [INFO] === Session end ===
[15:00:03] [INFO] === Session start ===
[15:00:41] [INFO] Luu data thanh cong
[15:00:41] [INFO] === Session end ===
[15:01:00] [INFO] === Session start ===
[15:01:44] [INFO] Luu data thanh cong
[15:01:44] [INFO] === Session end ===
[15:01:52] [INFO] === Session start ===
[15:04:41] [INFO] Luu data thanh cong
[15:04:41] [INFO] === Session end ===
[15:04:50] [INFO] === Session start ===
[15:05:03] [INFO] Luu data thanh cong
[15:05:03] [INFO] === Session end ===
[15:05:15] [INFO] === Session start ===
[15:05:21] [INFO] Luu data thanh cong
[15:05:21] [INFO] === Session end ===
[15:06:43] [INFO] === Session start ===
[15:32:53] [INFO] Luu data thanh cong
[15:32:53] [INFO] === Session end ===
[15:36:07] [INFO] === Session start ===
[15:38:34] [INFO] Luu data thanh cong
[15:38:34] [INFO] === Session end ===
[15:38:43] [INFO] === Session start ===
[15:38:56] [INFO] Luu data thanh cong
[15:38:56] [INFO] === Session end ===
[15:39:09] [INFO] === Session start ===
[15:39:12] [INFO] Luu data thanh cong
[15:39:12] [INFO] === Session end ===
[15:40:08] [INFO] === Session start ===
[15:40:28] [INFO] Luu data thanh cong
[15:40:28] [INFO] === Session end ===
[15:40:38] [INFO] === Session start ===
[15:40:44] [INFO] Luu data thanh cong
[15:40:44] [INFO] === Session end ===
[15:44:46] [INFO] === Session start ===
[15:45:06] [INFO] Luu data thanh cong
[15:45:06] [INFO] === Session end ===
[15:45:14] [INFO] === Session start ===
[15:51:14] [INFO] Luu data thanh cong
[15:51:14] [INFO] === Session end ===
[15:51:32] [INFO] === Session start ===
[15:51:46] [INFO] Luu data thanh cong
[15:51:46] [INFO] === Session end ===
[15:51:57] [INFO] === Session start ===
[15:52:28] [INFO] Luu data thanh cong
[15:52:28] [INFO] === Session end ===
[15:52:37] [INFO] === Session start ===
[15:53:12] [WARN] Đăng nhập thất bại: 
[15:53:18] [WARN] Đăng nhập thất bại: 
[15:53:40] [INFO] Luu data thanh cong
[15:53:40] [INFO] === Session end ===
[15:53:47] [INFO] === Session start ===
[15:53:56] [INFO] Luu data thanh cong
[15:53:56] [INFO] === Session end ===
[15:54:04] [INFO] === Session start ===
[15:54:06] [INFO] Luu data thanh cong
[15:54:06] [INFO] === Session end ===
[16:05:22] [INFO] === Session start ===
[16:05:39] [INFO] Luu data thanh cong
[16:05:39] [INFO] === Session end ===
[16:05:46] [INFO] === Session start ===
[16:30:11] [INFO] Luu data thanh cong
[16:30:11] [INFO] === Session end ===
[16:30:20] [INFO] === Session start ===
[16:30:31] [INFO] Luu data thanh cong
[16:30:31] [INFO] === Session end ===
[16:30:49] [INFO] === Session start ===
[16:30:54] [INFO] Luu data thanh cong
[16:30:54] [INFO] === Session end ===
[16:31:38] [INFO] === Session start ===
[16:41:34] [INFO] Luu data thanh cong
[16:41:34] [INFO] === Session end ===
[16:41:42] [INFO] === Session start ===
[16:42:35] [INFO] Luu data thanh cong
[16:42:35] [INFO] === Session end ===
[16:42:44] [INFO] === Session start ===
[16:42:54] [INFO] Luu data thanh cong
[16:42:54] [INFO] === Session end ===
[16:43:11] [INFO] === Session start ===
[16:43:17] [INFO] Luu data thanh cong
[16:43:17] [INFO] === Session end ===
[16:43:55] [INFO] === Session start ===
[16:45:56] [INFO] Luu data thanh cong
[16:45:56] [INFO] === Session end ===
[16:46:04] [INFO] === Session start ===
[16:46:34] [INFO] Luu data thanh cong
[16:46:34] [INFO] === Session end ===
[16:46:43] [INFO] === Session start ===
[16:47:58] [INFO] Luu data thanh cong
[16:47:58] [INFO] === Session end ===
[16:49:03] [INFO] === Session start ===
[16:49:06] [INFO] Luu data thanh cong
[16:49:06] [INFO] === Session end ===
[16:49:14] [INFO] === Session start ===
[16:49:15] [WARN] Đăng nhập thất bại: 
[16:49:15] [WARN] Đăng nhập thất bại: 
[16:49:17] [INFO] Luu data thanh cong
[16:49:17] [INFO] === Session end ===
[16:50:00] [INFO] === Session start ===
[16:51:04] [INFO] Luu data thanh cong
[16:51:04] [INFO] === Session end ===
[16:51:12] [INFO] === Session start ===
[16:51:49] [INFO] Luu data thanh cong
[16:51:49] [INFO] === Session end ===
[16:52:25] [INFO] === Session start ===
[16:52:40] [WARN] Đăng nhập thất bại: 
[16:52:42] [INFO] Luu data thanh cong
[16:52:42] [INFO] === Session end ===
[16:53:00] [INFO] === Session start ===
[16:53:23] [INFO] Luu data thanh cong
[16:53:23] [INFO] === Session end ===
[16:53:25] [INFO] === Session start ===
[16:53:30] [INFO] Luu data thanh cong
[16:53:30] [INFO] === Session end ===
[16:53:37] [INFO] === Session start ===
[16:55:27] [INFO] Luu data thanh cong
[16:55:27] [INFO] === Session end ===
[16:55:47] [INFO] === Session start ===
[16:56:49] [INFO] Luu data thanh cong
[16:56:49] [INFO] === Session end ===
[16:56:58] [INFO] === Session start ===
[16:57:09] [INFO] Luu data thanh cong
[16:57:09] [INFO] === Session end ===
[16:57:18] [INFO] === Session start ===
[21:14:33] [INFO] === Session start ===
[21:14:52] [INFO] Luu data thanh cong
[21:14:52] [INFO] === Session end ===
[21:15:00] [INFO] === Session start ===
[21:15:37] [INFO] Luu data thanh cong
[21:15:37] [INFO] === Session end ===
[21:15:46] [INFO] === Session start ===
[21:16:11] [INFO] Luu data thanh cong
[21:16:11] [INFO] === Session end ===
[21:16:32] [INFO] === Session start ===
[21:20:15] [INFO] Luu data thanh cong
[21:20:15] [INFO] === Session end ===
[21:20:24] [INFO] === Session start ===
[21:21:12] [INFO] Luu data thanh cong
[21:21:12] [INFO] === Session end ===
[21:21:19] [INFO] === Session start ===
[21:21:35] [INFO] Luu data thanh cong
[21:21:35] [INFO] === Session end ===
[21:21:43] [INFO] === Session start ===
[21:26:19] [WARN] Đăng nhập thất bại: 
[21:26:20] [WARN] Đăng nhập thất bại: 
[21:26:42] [WARN] Đăng nhập thất bại: 
[21:27:11] [INFO] Luu data thanh cong
[21:27:11] [INFO] === Session end ===
[21:27:19] [INFO] === Session start ===
[21:27:21] [WARN] Đăng nhập thất bại: 
[21:27:23] [WARN] Đăng nhập thất bại: 
[21:27:25] [INFO] Luu data thanh cong
[21:27:25] [INFO] === Session end ===
[21:37:35] [INFO] === Session start ===
[21:41:55] [INFO] Luu data thanh cong
[21:41:55] [INFO] === Session end ===
[21:42:12] [INFO] === Session start ===
[21:42:43] [INFO] Luu data thanh cong
[21:42:43] [INFO] === Session end ===
[21:42:51] [INFO] === Session start ===
[21:43:27] [INFO] Luu data thanh cong
[21:43:27] [INFO] === Session end ===
[21:43:34] [INFO] === Session start ===
[21:44:02] [INFO] Luu data thanh cong
[21:44:02] [INFO] === Session end ===
[21:44:10] [INFO] === Session start ===
[21:44:20] [INFO] Luu data thanh cong
[21:44:20] [INFO] === Session end ===
[21:44:29] [INFO] === Session start ===
[21:45:11] [INFO] Luu data thanh cong
[21:45:11] [INFO] === Session end ===
[21:45:18] [INFO] === Session start ===
[21:45:40] [INFO] Luu data thanh cong
[21:45:40] [INFO] === Session end ===
[21:45:47] [INFO] === Session start ===
[21:45:56] [WARN] Đăng nhập thất bại: 
[21:46:01] [INFO] Luu data thanh cong
[21:46:01] [INFO] === Session end ===
[21:46:02] [INFO] === Session start ===
[21:46:06] [WARN] Đăng nhập thất bại: 
[21:46:19] [INFO] Đăng nhập thành công: ngocchi
[21:46:31] [INFO] Luu data thanh cong
[21:46:31] [INFO] === Session end ===
[21:47:40] [INFO] === Session start ===
[21:47:58] [INFO] Luu data thanh cong
[21:47:58] [INFO] === Session end ===
[21:48:05] [INFO] === Session start ===
[21:48:11] [INFO] Luu data thanh cong
[21:48:11] [INFO] === Session end ===
[21:48:29] [INFO] === Session start ===
[21:53:46] [INFO] Luu data thanh cong
[21:53:46] [INFO] === Session end ===
[21:53:54] [INFO] === Session start ===
[21:54:33] [INFO] Luu data thanh cong
[21:54:33] [INFO] === Session end ===
[21:54:41] [INFO] === Session start ===
[21:55:32] [INFO] Luu data thanh cong
[21:55:32] [INFO] === Session end ===
[21:58:42] [INFO] === Session start ===
[21:59:00] [INFO] Luu data thanh cong
[21:59:00] [INFO] === Session end ===
[21:59:07] [INFO] === Session start ===
[21:59:31] [INFO] Luu data thanh cong
[21:59:31] [INFO] === Session end ===
[21:59:39] [INFO] === Session start ===
[22:00:12] [INFO] Luu data thanh cong
[22:00:12] [INFO] === Session end ===
[22:00:21] [INFO] === Session start ===
[22:00:35] [INFO] Luu data thanh cong
[22:00:35] [INFO] === Session end ===
[22:00:42] [INFO] === Session start ===
[22:01:32] [WARN] Đăng nhập thất bại: 
[22:01:34] [WARN] Đăng nhập thất bại: 
[22:01:34] [WARN] Đăng nhập thất bại: 
[22:01:35] [WARN] Đăng nhập thất bại: 
[22:01:35] [WARN] Đăng nhập thất bại: 
[22:01:40] [WARN] Đăng nhập thất bại: 
[22:01:57] [WARN] Đăng nhập thất bại: 
[22:01:59] [WARN] Đăng nhập thất bại: 
[22:02:03] [WARN] Đăng nhập thất bại: 
[22:02:03] [WARN] Đăng nhập thất bại: 
[22:02:19] [INFO] Đăng nhập thành công: ngocchi
[22:02:33] [INFO] Luu data thanh cong
[22:02:33] [INFO] === Session end ===
[22:02:35] [INFO] === Session start ===
[22:04:37] [WARN] Đăng nhập thất bại: ngocchi
[22:04:41] [WARN] Đăng nhập thất bại: ngocchi
[22:04:52] [INFO] Đăng nhập thành công: ngocchi
[22:05:03] [INFO] Luu data thanh cong
[22:05:03] [INFO] === Session end ===
[22:05:56] [INFO] === Session start ===
[22:06:12] [INFO] Luu data thanh cong
[22:06:12] [INFO] === Session end ===
[22:06:21] [INFO] === Session start ===
[22:06:46] [INFO] Luu data thanh cong
[22:06:46] [INFO] === Session end ===
[22:06:58] [INFO] === Session start ===
[22:07:08] [INFO] Luu data thanh cong
[22:07:08] [INFO] === Session end ===
[22:07:19] [INFO] === Session start ===
[22:07:47] [INFO] Luu data thanh cong
[22:07:47] [INFO] === Session end ===
[22:07:54] [INFO] === Session start ===
[22:32:40] [INFO] Luu data thanh cong
[22:32:40] [INFO] === Session end ===
[22:32:56] [INFO] === Session start ===
[22:34:20] [INFO] Luu data thanh cong
[22:34:20] [INFO] === Session end ===
